<?xml version="1.0" encoding="UTF-8"?>
<!-- Generated by org.testng.reporters.JUnitXMLReporter -->
<testsuite ignored="1" hostname="DESKTOP-DT297E4" failures="0" tests="2" name="Opencart Test" time="19.611" errors="0" timestamp="2022-08-19T15:04:50 IST">
  <testcase classname="testCases.TC_001_AccountRegistrationTest" name="test_account_Registration" time="7.136"/>
  <testcase classname="testCases.TC_002_LoginTest" name="test_login" time="1.773"/>
  <testcase classname="testCases.TC_003_LoginDataDrivenTest" name="test_Loginddt" time="0.0">
    <ignored/>
  </testcase> <!-- test_Loginddt -->
</testsuite> <!-- Opencart Test -->
